<?xml version="1.0" encoding="UTF-8"?>
<!-- Generated by org.testng.reporters.JUnitXMLReporter -->
<testsuite ignored="0" hostname="LAPTOP-6OACLVLF" failures="0" tests="2" name="Test" time="6.256" errors="0" timestamp="2022-04-12T21:18:19 IST">
  <testcase classname="AppBaseClass.BaseClass" name="@AfterMethod getResult" time="0.264">
    <failure type="java.lang.NullPointerException" message="Cannot invoke &amp;quot;com.aventstack.extentreports.ExtentTest.pass(String, com.aventstack.extentreports.MediaEntityModelProvider)&amp;quot; because &amp;quot;AppBaseClass.BaseClass.test&amp;quot; is null">
      <![CDATA[java.lang.NullPointerException: Cannot invoke "com.aventstack.extentreports.ExtentTest.pass(String, com.aventstack.extentreports.MediaEntityModelProvider)" because "AppBaseClass.BaseClass.test" is null
at AppBaseClass.BaseClass.getResult(BaseClass.java:82)
at java.base/java.util.ArrayList.forEach(ArrayList.java:1511)
... Removed 32 stack frames]]>
    </failure>
  </testcase> <!-- @AfterMethod getResult -->
  <testcase classname="POM_App_TestCases.LoginService" name="verify_valid_User_Login" time="1.419"/>
  <testcase classname="POM_App_TestCases.control_Panel" name="verify_user_information" time="1.954"/>
</testsuite> <!-- Test -->
