<?xml version="1.0" encoding="UTF-8"?>
<!-- Generated by org.testng.reporters.JUnitXMLReporter -->
<testsuite ignored="0" hostname="LAPTOP-6OACLVLF" failures="0" tests="2" name="Test" time="7.686" errors="0" timestamp="2022-04-25T06:16:57 IST">
  <testcase classname="AppBaseClass.BaseClass" name="@AfterMethod getResult" time="0.014">
    <failure type="java.lang.NullPointerException">
      <![CDATA[java.lang.NullPointerException
at AppBaseClass.BaseClass.getResult(BaseClass.java:78)
at java.base/java.util.ArrayList.forEach(ArrayList.java:1511)
... Removed 36 stack frames]]>
    </failure>
  </testcase> <!-- @AfterMethod getResult -->
  <testcase classname="POM_App_TestCases.LoginService" name="verify_valid_User_Login" time="5.827"/>
  <testcase classname="POM_App_TestCases.control_Panel" name="verify_user_information" time="1.755"/>
</testsuite> <!-- Test -->
