-------------------------------------------------------------------------------
Test set: TestSuite
-------------------------------------------------------------------------------
Tests run: 3, Failures: 1, Errors: 0, Skipped: 0, Time elapsed: 16.646 s <<< FAILURE! - in TestSuite
getResult(POM_App_TestCases.LoginService)  Time elapsed: 5.862 s  <<< FAILURE!
java.lang.NullPointerException

