<?xml version="1.0" encoding="UTF-8"?>
<!-- Generated by org.testng.reporters.JUnitXMLReporter -->
<testsuite ignored="2" hostname="LAPTOP-6OACLVLF" failures="0" tests="2" name="Test" time="6.273" errors="0" timestamp="2022-04-25T06:19:44 IST">
  <testcase classname="POM_App_TestCases.LoginService" name="verify_valid_User_Login" time="4.598"/>
  <testcase classname="POM_App_TestCases.control_Panel" name="verify_user_information" time="1.576"/>
  <testcase classname="AppBaseClass.BaseClass" name="@AfterSuite tearDown" time="0.0">
    <ignored/>
  </testcase> <!-- @AfterSuite tearDown -->
  <testcase classname="AppBaseClass.BaseClass" name="@BeforeSuite setup" time="0.0">
    <ignored/>
  </testcase> <!-- @BeforeSuite setup -->
</testsuite> <!-- Test -->
